{"timestamp":"2026-04-16T04:12:29.981135Z","level":"info","event":"Stats instance was created in PID 7 but accessed in PID 138. Re-initializing.","logger":"airflow.stats","filename":"stats.py","lineno":57}
{"timestamp":"2026-04-16T04:12:30.374844Z","level":"info","event":"DAG bundles loaded: dags-folder, example_dags","logger":"airflow.dag_processing.bundles.manager.DagBundlesManager","filename":"manager.py","lineno":179}
{"timestamp":"2026-04-16T04:12:30.376516Z","level":"info","event":"Filling up the DagBag from /opt/airflow/dags/etl_pipeline.py","logger":"airflow.models.dagbag.BundleDagBag","filename":"dagbag.py","lineno":593}
{"timestamp":"2026-04-16T04:12:30.451100Z","level":"warning","event":"The `airflow.decorators.dag` attribute is deprecated. Please use `'airflow.sdk.dag'`.","category":"DeprecatedImportWarning","filename":"/opt/airflow/dags/etl_pipeline.py","lineno":1,"logger":"py.warnings"}
{"timestamp":"2026-04-16T04:12:30.451299Z","level":"warning","event":"The `airflow.decorators.task` attribute is deprecated. Please use `'airflow.sdk.task'`.","category":"DeprecatedImportWarning","filename":"/opt/airflow/dags/etl_pipeline.py","lineno":1,"logger":"py.warnings"}
{"timestamp":"2026-04-16T04:12:30.452031Z","level":"error","event":"Task not found in Dag during start up","dag_id":"proyecto_etl_2","task_id":"extract_api","bundle":"BundleInfo(name='dags-folder', version=None)","path":"etl_pipeline.py","logger":"task","filename":"task_runner.py","lineno":675}
{"timestamp":"2026-04-16T04:12:30.452751Z","level":"warning","event":"Rescheduling task during startup, marking task as UP_FOR_RESCHEDULE","logger":"task","filename":"task_runner.py","lineno":1685}
{"timestamp":"2026-04-16T04:13:30.579481Z","level":"info","event":"Stats instance was created in PID 7 but accessed in PID 155. Re-initializing.","logger":"airflow.stats","filename":"stats.py","lineno":57}
{"timestamp":"2026-04-16T04:13:30.892762Z","level":"info","event":"DAG bundles loaded: dags-folder, example_dags","logger":"airflow.dag_processing.bundles.manager.DagBundlesManager","filename":"manager.py","lineno":179}
{"timestamp":"2026-04-16T04:13:30.894552Z","level":"info","event":"Filling up the DagBag from /opt/airflow/dags/etl_pipeline.py","logger":"airflow.models.dagbag.BundleDagBag","filename":"dagbag.py","lineno":593}
{"timestamp":"2026-04-16T04:13:30.933918Z","level":"warning","event":"The `airflow.decorators.dag` attribute is deprecated. Please use `'airflow.sdk.dag'`.","category":"DeprecatedImportWarning","filename":"/opt/airflow/dags/etl_pipeline.py","lineno":1,"logger":"py.warnings"}
{"timestamp":"2026-04-16T04:13:30.934058Z","level":"warning","event":"The `airflow.decorators.task` attribute is deprecated. Please use `'airflow.sdk.task'`.","category":"DeprecatedImportWarning","filename":"/opt/airflow/dags/etl_pipeline.py","lineno":1,"logger":"py.warnings"}
{"timestamp":"2026-04-16T04:13:30.934549Z","level":"error","event":"Task not found in Dag during start up","dag_id":"proyecto_etl_2","task_id":"extract_api","bundle":"BundleInfo(name='dags-folder', version=None)","path":"etl_pipeline.py","logger":"task","filename":"task_runner.py","lineno":675}
{"timestamp":"2026-04-16T04:13:30.934961Z","level":"warning","event":"Rescheduling task during startup, marking task as UP_FOR_RESCHEDULE","logger":"task","filename":"task_runner.py","lineno":1685}
{"timestamp":"2026-04-16T04:14:31.406997Z","level":"info","event":"Stats instance was created in PID 7 but accessed in PID 171. Re-initializing.","logger":"airflow.stats","filename":"stats.py","lineno":57}
{"timestamp":"2026-04-16T04:14:31.753126Z","level":"info","event":"DAG bundles loaded: dags-folder, example_dags","logger":"airflow.dag_processing.bundles.manager.DagBundlesManager","filename":"manager.py","lineno":179}
{"timestamp":"2026-04-16T04:14:31.754894Z","level":"info","event":"Filling up the DagBag from /opt/airflow/dags/etl_pipeline.py","logger":"airflow.models.dagbag.BundleDagBag","filename":"dagbag.py","lineno":593}
{"timestamp":"2026-04-16T04:14:31.812608Z","level":"warning","event":"The `airflow.decorators.dag` attribute is deprecated. Please use `'airflow.sdk.dag'`.","category":"DeprecatedImportWarning","filename":"/opt/airflow/dags/etl_pipeline.py","lineno":1,"logger":"py.warnings"}
{"timestamp":"2026-04-16T04:14:31.812773Z","level":"warning","event":"The `airflow.decorators.task` attribute is deprecated. Please use `'airflow.sdk.task'`.","category":"DeprecatedImportWarning","filename":"/opt/airflow/dags/etl_pipeline.py","lineno":1,"logger":"py.warnings"}
{"timestamp":"2026-04-16T04:14:31.813286Z","level":"error","event":"Task not found in Dag during start up","dag_id":"proyecto_etl_2","task_id":"extract_api","bundle":"BundleInfo(name='dags-folder', version=None)","path":"etl_pipeline.py","logger":"task","filename":"task_runner.py","lineno":675}
{"timestamp":"2026-04-16T04:14:31.813622Z","level":"warning","event":"Rescheduling task during startup, marking task as UP_FOR_RESCHEDULE","logger":"task","filename":"task_runner.py","lineno":1685}
{"timestamp":"2026-04-16T04:15:32.807076Z","level":"info","event":"Stats instance was created in PID 7 but accessed in PID 188. Re-initializing.","logger":"airflow.stats","filename":"stats.py","lineno":57}
{"timestamp":"2026-04-16T04:15:33.096588Z","level":"info","event":"DAG bundles loaded: dags-folder, example_dags","logger":"airflow.dag_processing.bundles.manager.DagBundlesManager","filename":"manager.py","lineno":179}
{"timestamp":"2026-04-16T04:15:33.098371Z","level":"info","event":"Filling up the DagBag from /opt/airflow/dags/etl_pipeline.py","logger":"airflow.models.dagbag.BundleDagBag","filename":"dagbag.py","lineno":593}
{"timestamp":"2026-04-16T04:15:33.131651Z","level":"warning","event":"The `airflow.decorators.dag` attribute is deprecated. Please use `'airflow.sdk.dag'`.","category":"DeprecatedImportWarning","filename":"/opt/airflow/dags/etl_pipeline.py","lineno":1,"logger":"py.warnings"}
{"timestamp":"2026-04-16T04:15:33.131825Z","level":"warning","event":"The `airflow.decorators.task` attribute is deprecated. Please use `'airflow.sdk.task'`.","category":"DeprecatedImportWarning","filename":"/opt/airflow/dags/etl_pipeline.py","lineno":1,"logger":"py.warnings"}
{"timestamp":"2026-04-16T04:15:33.132421Z","level":"error","event":"Task not found in Dag during start up","dag_id":"proyecto_etl_2","task_id":"extract_api","bundle":"BundleInfo(name='dags-folder', version=None)","path":"etl_pipeline.py","logger":"task","filename":"task_runner.py","lineno":675}
{"timestamp":"2026-04-16T04:15:33.132752Z","level":"error","event":"Startup reschedule limit exceeded","reschedule_count":3,"max_reschedules":3,"logger":"task","filename":"task_runner.py","lineno":631}
{"timestamp":"2026-04-16T04:15:33.140660Z","level":"warning","event":"Process exited abnormally","exit_code":1,"logger":"task"}
